<?xml version="1.0" encoding="UTF-8"?>
<!-- Generated by org.testng.reporters.JUnitReportReporter -->
<testsuite skipped="0" hostname="WPUAD29729L" name="com.OrangeHRM.TestAllLinks" tests="1" failures="0" timestamp="2021-02-25T10:23:11 IST" time="100.168" errors="0">
  <testcase name="navigateToAllLinks" time="100.168" classname="com.OrangeHRM.TestAllLinks"/>
  <system-out/>
</testsuite> <!-- com.OrangeHRM.TestAllLinks -->
