<?xml version="1.0" encoding="UTF-8"?>
<!-- Generated by org.testng.reporters.JUnitReportReporter -->
<testsuite skipped="0" hostname="WPUAD29729L" name="com.scrollTest.Scroll" tests="1" failures="0" timestamp="2021-03-01T13:16:44 IST" time="35.091" errors="0">
  <testcase name="ByPage" time="35.091" classname="com.scrollTest.Scroll"/>
  <system-out/>
</testsuite> <!-- com.scrollTest.Scroll -->
