<?xml version="1.0" encoding="UTF-8"?>
<!-- Generated by org.testng.reporters.JUnitReportReporter -->
<testsuite skipped="0" hostname="WPUAD29729L" name="JD_OrangeHRA_Maven.JD_OrangeHRA_Maven.Create_DeleteUSer" tests="1" failures="0" timestamp="2021-02-23T11:04:05 IST" time="53.966" errors="0">
  <testcase name="Search" time="53.966" classname="JD_OrangeHRA_Maven.JD_OrangeHRA_Maven.Create_DeleteUSer"/>
  <system-out/>
</testsuite> <!-- JD_OrangeHRA_Maven.JD_OrangeHRA_Maven.Create_DeleteUSer -->
