<?xml version="1.0" encoding="UTF-8"?>
<!-- Generated by org.testng.reporters.JUnitReportReporter -->
<testsuite skipped="0" hostname="WPUAD29729L" name="JD_OrangeHRA_Maven.JD_OrangeHRA_Maven.TestNG" tests="2" failures="0" timestamp="2021-02-19T11:19:49 IST" time="10.184" errors="0">
  <testcase name="login" time="6.610" classname="JD_OrangeHRA_Maven.JD_OrangeHRA_Maven.TestNG"/>
  <system-out/>
  <testcase name="logout" time="3.574" classname="JD_OrangeHRA_Maven.JD_OrangeHRA_Maven.TestNG"/>
  <system-out/>
</testsuite> <!-- JD_OrangeHRA_Maven.JD_OrangeHRA_Maven.TestNG -->
