<?xml version="1.0" encoding="UTF-8"?>
<!-- Generated by org.testng.reporters.JUnitReportReporter -->
<testsuite skipped="0" hostname="WPUAD29729L" name="com.OrangeHRM.ExtendReport_WithScreenshot" tests="2" failures="0" timestamp="2021-03-01T10:46:42 IST" time="36.521" errors="0">
  <testcase name="OrangeHRM_Login" time="32.631" classname="com.OrangeHRM.ExtendReport_WithScreenshot"/>
  <system-out/>
  <testcase name="LaunchBrowser" time="3.890" classname="com.OrangeHRM.ExtendReport_WithScreenshot"/>
  <system-out/>
</testsuite> <!-- com.OrangeHRM.ExtendReport_WithScreenshot -->
