<?xml version="1.0" encoding="UTF-8"?>
<!-- Generated by org.testng.reporters.JUnitReportReporter -->
<testsuite skipped="0" hostname="WPUAD29729L" name="JD_OrangeHRA_Maven.JD_OrangeHRA_Maven.Delete_FromTable" tests="3" failures="0" timestamp="2021-02-23T11:53:02 IST" time="27.163" errors="0">
  <testcase name="Sign_On" time="5.790" classname="JD_OrangeHRA_Maven.JD_OrangeHRA_Maven.Delete_FromTable"/>
  <system-out/>
  <testcase name="AddUsers_Page" time="3.598" classname="JD_OrangeHRA_Maven.JD_OrangeHRA_Maven.Delete_FromTable"/>
  <system-out/>
  <testcase name="VerifyAddedUser" time="17.775" classname="JD_OrangeHRA_Maven.JD_OrangeHRA_Maven.Delete_FromTable"/>
  <system-out/>
</testsuite> <!-- JD_OrangeHRA_Maven.JD_OrangeHRA_Maven.Delete_FromTable -->
