<?xml version="1.0" encoding="UTF-8"?>
<!-- Generated by org.testng.reporters.JUnitReportReporter -->
<testsuite skipped="1" hostname="WPUAD29729L" name="JD_OrangeHRA_Maven.JD_OrangeHRA_Maven.OrangeHRA_SignIn_FromExcel" tests="1" failures="0" timestamp="2021-02-26T09:46:15 IST" time="0.000" errors="0">
  <testcase name="Sign_On" time="0.000" classname="JD_OrangeHRA_Maven.JD_OrangeHRA_Maven.OrangeHRA_SignIn_FromExcel">
    <skipped/>
  </testcase> <!-- Sign_On -->
  <system-out/>
</testsuite> <!-- JD_OrangeHRA_Maven.JD_OrangeHRA_Maven.OrangeHRA_SignIn_FromExcel -->
