<?xml version="1.0" encoding="UTF-8"?>
<!-- Generated by org.testng.reporters.JUnitReportReporter -->
<testsuite skipped="0" hostname="WPUAD29729L" name="com.OrangeHRM.HTTPPass" tests="1" failures="0" timestamp="2021-02-26T10:14:36 IST" time="38.215" errors="0">
  <testcase name="HTTPAuth" time="38.215" classname="com.OrangeHRM.HTTPPass"/>
  <system-out/>
</testsuite> <!-- com.OrangeHRM.HTTPPass -->
