<?xml version="1.0" encoding="UTF-8"?>
<!-- Generated by org.testng.reporters.JUnitReportReporter -->
<testsuite skipped="0" hostname="WPUAD29729L" name="com.OrangeHRM.ExtentReportExample" tests="2" failures="0" timestamp="2021-02-26T13:09:15 IST" time="51.479" errors="0">
  <testcase name="LaunchApplication" time="9.229" classname="com.OrangeHRM.ExtentReportExample"/>
  <system-out/>
  <testcase name="Sign_On" time="42.250" classname="com.OrangeHRM.ExtentReportExample"/>
  <system-out/>
</testsuite> <!-- com.OrangeHRM.ExtentReportExample -->
