<?xml version="1.0" encoding="UTF-8"?>
<!-- Generated by org.testng.reporters.JUnitReportReporter -->
<testsuite skipped="0" hostname="WPUAD29729L" name="com.OrangeHRM.SmokeTestSuite" tests="1" failures="0" timestamp="2021-02-24T11:28:33 IST" time="0.014" errors="0">
  <testcase name="smokeBatchExecution" time="0.014" classname="com.OrangeHRM.SmokeTestSuite"/>
  <system-out/>
</testsuite> <!-- com.OrangeHRM.SmokeTestSuite -->
