<?xml version="1.0" encoding="UTF-8"?>
<!-- Generated by org.testng.reporters.JUnitReportReporter -->
<testsuite skipped="0" hostname="WPUAD29729L" name="JD_OrangeHRA_Maven.JD_OrangeHRA_Maven.OrangeHra" tests="2" failures="0" timestamp="2021-02-19T11:42:56 IST" time="9.327" errors="0">
  <testcase name="login" time="5.558" classname="JD_OrangeHRA_Maven.JD_OrangeHRA_Maven.OrangeHra"/>
  <system-out/>
  <testcase name="logout" time="3.769" classname="JD_OrangeHRA_Maven.JD_OrangeHRA_Maven.OrangeHra"/>
  <system-out/>
</testsuite> <!-- JD_OrangeHRA_Maven.JD_OrangeHRA_Maven.OrangeHra -->
