<?xml version="1.0" encoding="UTF-8"?>
<!-- Generated by org.testng.reporters.JUnitReportReporter -->
<testsuite skipped="0" hostname="WPUAD29729L" name="com.OrangeHRM.Proxytest" tests="1" failures="0" timestamp="2021-02-26T10:49:42 IST" time="0.015" errors="0">
  <testcase name="HTTPAuth" time="0.015" classname="com.OrangeHRM.Proxytest"/>
  <system-out/>
</testsuite> <!-- com.OrangeHRM.Proxytest -->
