<?xml version="1.0" encoding="UTF-8"?>
<!-- Generated by org.testng.reporters.JUnitReportReporter -->
<testsuite skipped="0" hostname="WPUAD29729L" name="JD_OrangeHRA_Maven.JD_OrangeHRA_Maven.Orange_Login_DataProvider" tests="3" failures="0" timestamp="2021-02-23T13:11:47 IST" time="103.362" errors="0">
  <testcase name="LoginToOrangeHRM" time="27.175" classname="JD_OrangeHRA_Maven.JD_OrangeHRA_Maven.Orange_Login_DataProvider"/>
  <system-out/>
  <testcase name="LoginToOrangeHRM" time="50.345" classname="JD_OrangeHRA_Maven.JD_OrangeHRA_Maven.Orange_Login_DataProvider"/>
  <system-out/>
  <testcase name="LoginToOrangeHRM" time="25.842" classname="JD_OrangeHRA_Maven.JD_OrangeHRA_Maven.Orange_Login_DataProvider"/>
  <system-out/>
</testsuite> <!-- JD_OrangeHRA_Maven.JD_OrangeHRA_Maven.Orange_Login_DataProvider -->
