<?xml version="1.0" encoding="UTF-8"?>
<!-- Generated by org.testng.reporters.JUnitReportReporter -->
<testsuite skipped="0" hostname="WPUAD29729L" name="com.scrollTest.ScrolltoEndTest" tests="1" failures="0" timestamp="2021-03-01T13:09:07 IST" time="27.979" errors="0">
  <testcase name="ByPage" time="27.979" classname="com.scrollTest.ScrolltoEndTest"/>
  <system-out/>
</testsuite> <!-- com.scrollTest.ScrolltoEndTest -->
